2023-01-19 11:05:04,971 [Worker-5: Loading available Gradle versions] INFO  o.e.b.c.i.u.g.PublishedGradleVersions - Gradle version information cache is up-to-date. Trying to read.
2023-01-19 11:08:10,990 [Worker-0: Import Getting Started Content] INFO  o.e.m.c.i.l.LifecycleMappingFactory - Using org.eclipse.m2e.jdt.JarLifecycleMapping lifecycle mapping for MavenProject: com.example:demo:0.0.1-SNAPSHOT @ C:\Users\Sonca\Documents\CERTUS - DESARROLLADOR FULL STACK\UNIDAD 5\Proyecto Final\CRUDV2\demo\pom.xml.
2023-01-19 11:08:20,732 [Worker-0: Import Getting Started Content] INFO  o.e.m.j.i.AbstractJavaProjectConfigurator - Adding source folder /demo/src/main/java
2023-01-19 11:08:20,734 [Worker-0: Import Getting Started Content] INFO  o.e.m.j.i.AbstractJavaProjectConfigurator - Adding resource folder /demo/src/main/resources
2023-01-19 11:08:20,740 [Worker-0: Import Getting Started Content] INFO  o.e.m.j.i.AbstractJavaProjectConfigurator - Adding resource folder /demo/src/main/resources
2023-01-19 11:08:20,746 [Worker-0: Import Getting Started Content] INFO  o.e.m.j.i.AbstractJavaProjectConfigurator - Adding source folder /demo/src/test/java
2023-01-19 11:08:29,731 [Worker-0: Import Getting Started Content] INFO  o.e.m.c.i.p.ProjectConfigurationManager - Imported and configured 1 project(s) in 21 sec
2023-01-19 11:08:29,855 [Worker-0: Import Getting Started Content] INFO  o.e.m.c.i.p.ProjectConfigurationManager - Update started
2023-01-19 11:08:30,433 [Worker-0: Import Getting Started Content] INFO  o.e.m.c.i.l.LifecycleMappingFactory - Using org.eclipse.m2e.jdt.JarLifecycleMapping lifecycle mapping for MavenProject: com.example:demo:0.0.1-SNAPSHOT @ C:\Users\Sonca\Documents\CERTUS - DESARROLLADOR FULL STACK\UNIDAD 5\Proyecto Final\CRUDV2\demo\pom.xml.
2023-01-19 11:08:32,200 [Worker-0: Import Getting Started Content] INFO  o.e.m.j.i.AbstractJavaProjectConfigurator - Adding source folder /demo/src/main/java
2023-01-19 11:08:32,201 [Worker-0: Import Getting Started Content] INFO  o.e.m.j.i.AbstractJavaProjectConfigurator - Adding resource folder /demo/src/main/resources
2023-01-19 11:08:32,202 [Worker-0: Import Getting Started Content] INFO  o.e.m.j.i.AbstractJavaProjectConfigurator - Adding resource folder /demo/src/main/resources
2023-01-19 11:08:32,204 [Worker-0: Import Getting Started Content] INFO  o.e.m.j.i.AbstractJavaProjectConfigurator - Adding source folder /demo/src/test/java
2023-01-19 11:08:34,938 [Worker-0: Import Getting Started Content] INFO  o.e.m.c.i.p.ProjectConfigurationManager - Update completed for 1 poms: local refresh takes 0,00 sec, refresh facades takes 2,00 sec, update config takes 1,00 sec 
2023-01-19 13:01:51,539 [Worker-46: Building] INFO  o.e.m.c.i.l.LifecycleMappingFactory - Using org.eclipse.m2e.jdt.JarLifecycleMapping lifecycle mapping for MavenProject: com.example:demo:0.0.1-SNAPSHOT @ C:\Users\Sonca\Documents\CERTUS - DESARROLLADOR FULL STACK\UNIDAD 5\Proyecto Final\CRUDV2\demo\pom.xml.
2023-01-19 13:02:08,342 [Worker-46: Building] INFO  o.a.m.s.f.DefaultMavenResourcesFiltering - Copying 0 resource
2023-01-19 13:02:08,343 [Worker-46: Building] INFO  o.a.m.s.f.DefaultMavenResourcesFiltering - Copying 0 resource
2023-01-19 13:02:08,568 [Worker-46: Building] INFO  o.a.m.s.f.DefaultMavenResourcesFiltering - skip non existing resourceDirectory C:\Users\Sonca\Documents\CERTUS - DESARROLLADOR FULL STACK\UNIDAD 5\Proyecto Final\CRUDV2\demo\src\test\resources
2023-01-19 13:02:29,282 [Worker-47: Launching demo - DemoApplication] INFO  o.a.m.s.f.DefaultMavenResourcesFiltering - Copying 1 resource
2023-01-19 13:02:32,583 [Worker-47: Launching demo - DemoApplication] INFO  o.a.m.s.f.DefaultMavenResourcesFiltering - Copying 4 resources
2023-01-19 13:02:32,907 [Worker-47: Launching demo - DemoApplication] INFO  o.a.m.s.f.DefaultMavenResourcesFiltering - skip non existing resourceDirectory C:\Users\Sonca\Documents\CERTUS - DESARROLLADOR FULL STACK\UNIDAD 5\Proyecto Final\CRUDV2\demo\src\test\resources
2023-01-19 13:04:35,738 [Worker-44: Building] INFO  o.e.m.c.i.l.LifecycleMappingFactory - Using org.eclipse.m2e.jdt.JarLifecycleMapping lifecycle mapping for MavenProject: com.example:demo:0.0.1-SNAPSHOT @ C:\Users\Sonca\Documents\CERTUS - DESARROLLADOR FULL STACK\UNIDAD 5\Proyecto Final\CRUDV2\demo\pom.xml.
2023-01-19 13:04:39,362 [Worker-44: Building] INFO  o.a.m.s.f.DefaultMavenResourcesFiltering - Copying 0 resource
2023-01-19 13:04:39,363 [Worker-44: Building] INFO  o.a.m.s.f.DefaultMavenResourcesFiltering - Copying 0 resource
2023-01-19 13:04:39,372 [Worker-44: Building] INFO  o.a.m.s.f.DefaultMavenResourcesFiltering - skip non existing resourceDirectory C:\Users\Sonca\Documents\CERTUS - DESARROLLADOR FULL STACK\UNIDAD 5\Proyecto Final\CRUDV2\demo\src\test\resources
2023-01-19 13:04:42,686 [Worker-50: Building] INFO  o.a.m.s.f.DefaultMavenResourcesFiltering - Copying 1 resource
2023-01-19 13:04:42,726 [Worker-50: Building] INFO  o.a.m.s.f.DefaultMavenResourcesFiltering - Copying 4 resources
2023-01-19 13:04:42,912 [Worker-50: Building] INFO  o.a.m.s.f.DefaultMavenResourcesFiltering - skip non existing resourceDirectory C:\Users\Sonca\Documents\CERTUS - DESARROLLADOR FULL STACK\UNIDAD 5\Proyecto Final\CRUDV2\demo\src\test\resources
2023-01-19 13:33:57,331 [Worker-51: Building] INFO  o.a.m.s.f.DefaultMavenResourcesFiltering - Copying 1 resource
2023-01-19 13:33:58,673 [Worker-51: Building] INFO  o.a.m.s.f.DefaultMavenResourcesFiltering - Copying 4 resources
2023-01-19 13:33:58,682 [Worker-51: Building] INFO  o.a.m.s.f.DefaultMavenResourcesFiltering - skip non existing resourceDirectory C:\Users\Sonca\Documents\CERTUS - DESARROLLADOR FULL STACK\UNIDAD 5\Proyecto Final\CRUDV2\demo\src\test\resources
2023-01-19 13:38:18,679 [Worker-60: Building] INFO  o.a.m.s.f.DefaultMavenResourcesFiltering - Copying 0 resource
2023-01-19 13:38:18,681 [Worker-60: Building] INFO  o.a.m.s.f.DefaultMavenResourcesFiltering - Copying 1 resource
2023-01-19 13:38:18,906 [Worker-60: Building] INFO  o.a.m.s.f.DefaultMavenResourcesFiltering - skip non existing resourceDirectory C:\Users\Sonca\Documents\CERTUS - DESARROLLADOR FULL STACK\UNIDAD 5\Proyecto Final\CRUDV2\demo\src\test\resources
2023-01-19 13:38:19,405 [Worker-59: Building] INFO  o.a.m.s.f.DefaultMavenResourcesFiltering - Copying 1 resource
2023-01-19 13:38:19,669 [Worker-59: Building] INFO  o.a.m.s.f.DefaultMavenResourcesFiltering - Copying 4 resources
2023-01-19 13:38:19,710 [Worker-59: Building] INFO  o.a.m.s.f.DefaultMavenResourcesFiltering - skip non existing resourceDirectory C:\Users\Sonca\Documents\CERTUS - DESARROLLADOR FULL STACK\UNIDAD 5\Proyecto Final\CRUDV2\demo\src\test\resources
2023-01-19 13:41:06,050 [Worker-61: Building] INFO  o.a.m.s.f.DefaultMavenResourcesFiltering - Copying 0 resource
2023-01-19 13:41:06,052 [Worker-61: Building] INFO  o.a.m.s.f.DefaultMavenResourcesFiltering - Copying 1 resource
2023-01-19 13:41:06,059 [Worker-61: Building] INFO  o.a.m.s.f.DefaultMavenResourcesFiltering - skip non existing resourceDirectory C:\Users\Sonca\Documents\CERTUS - DESARROLLADOR FULL STACK\UNIDAD 5\Proyecto Final\CRUDV2\demo\src\test\resources
2023-01-19 13:48:55,563 [Worker-70: Building] INFO  o.a.m.s.f.DefaultMavenResourcesFiltering - Copying 0 resource
2023-01-19 13:48:55,564 [Worker-70: Building] INFO  o.a.m.s.f.DefaultMavenResourcesFiltering - Copying 1 resource
2023-01-19 13:48:55,599 [Worker-70: Building] INFO  o.a.m.s.f.DefaultMavenResourcesFiltering - skip non existing resourceDirectory C:\Users\Sonca\Documents\CERTUS - DESARROLLADOR FULL STACK\UNIDAD 5\Proyecto Final\CRUDV2\demo\src\test\resources
